<?xml version="1.0" encoding="UTF-8"?>
<!-- Generated by org.testng.reporters.JUnitReportReporter -->
<testsuite hostname="Debasis-Laptop" failures="0" tests="2" name="com.demoTest.seleniumDemoMavenTest.Test.LoginTest" time="12.741" errors="0" timestamp="2021-03-02T13:14:48 BDT" skipped="0">
  <testcase classname="com.demoTest.seleniumDemoMavenTest.Test.LoginTest" name="logintest" time="5.516"/>
  <system-out/>
  <testcase classname="com.demoTest.seleniumDemoMavenTest.Test.LoginTest" name="hometitleverify" time="7.225"/>
  <system-out/>
</testsuite> <!-- com.demoTest.seleniumDemoMavenTest.Test.LoginTest -->
