<?xml version="1.0" encoding="UTF-8"?>
<!-- Generated by org.testng.reporters.JUnitReportReporter -->
<testsuite hostname="Debasis-Laptop" failures="0" tests="1" name="com.demoTest.seleniumDemoMavenTest.Test.AssignLeaveTest" time="2.009" errors="0" timestamp="2021-03-02T13:14:48 BDT" skipped="0">
  <testcase classname="com.demoTest.seleniumDemoMavenTest.Test.AssignLeaveTest" name="assignleavetest" time="2.009"/>
  <system-out/>
</testsuite> <!-- com.demoTest.seleniumDemoMavenTest.Test.AssignLeaveTest -->
